<?xml version="1.0" encoding="UTF-8"?>
<!-- Generated by org.testng.reporters.JUnitXMLReporter -->
<testsuite ignored="0" hostname="Mohit" failures="2" tests="2" name="Surefire test" time="14.134" errors="0" timestamp="2024-10-17T05:47:35 IST">
  <testcase classname="io.cucumber.testng.AbstractTestNGCucumberTests" name="runScenario" time="8.395">
    <failure type="java.lang.AssertionError" message="expected [Incorrect1 email or password.] but found [Incorrect email or password.]">
      <![CDATA[java.lang.AssertionError: expected [Incorrect1 email or password.] but found [Incorrect email or password.]
at stepDefinationforCucumber.StepDefination.message_is_displayed_on_login_page(StepDefination.java:73)
at ✽."Incorrect1 email or password." message is displayed on login page(file:///D:/Framework/Framework/src/test/java/cucumber/Exception.feature:9)
... Removed 6 stack frames]]>
    </failure>
  </testcase> <!-- runScenario -->
  <testcase classname="io.cucumber.testng.AbstractTestNGCucumberTests" name="runScenario" time="5.294">
    <failure type="java.lang.AssertionError" message="expected [Incorrect1 email or password.] but found [Incorrect email or password.]">
      <![CDATA[java.lang.AssertionError: expected [Incorrect1 email or password.] but found [Incorrect email or password.]
at stepDefinationforCucumber.StepDefination.message_is_displayed_on_login_page(StepDefination.java:73)
at ✽."Incorrect1 email or password." message is displayed on login page(file:///D:/Framework/Framework/src/test/java/cucumber/Exception.feature:9)
... Removed 6 stack frames]]>
    </failure>
  </testcase> <!-- runScenario -->
</testsuite> <!-- Surefire test -->
