<?xml version="1.0" encoding="UTF-8"?>
<!-- Generated by org.testng.reporters.JUnitReportReporter -->
<testsuite hostname="Mohit" failures="2" tests="2" name="cucumber.Cucumber_runner" time="13.689" errors="0" timestamp="2024-10-17T05:47:36 IST" skipped="0">
  <testcase classname="cucumber.Cucumber_runner" name="runScenario" time="5.294">
    <failure message="expected [Incorrect1 email or password.] but found [Incorrect email or password.]" type="java.lang.AssertionError">
      <![CDATA[java.lang.AssertionError: expected [Incorrect1 email or password.] but found [Incorrect email or password.]
at org.testng.Assert.fail(Assert.java:111)
at org.testng.Assert.failNotEquals(Assert.java:1578)
at org.testng.Assert.assertEqualsImpl(Assert.java:150)
at org.testng.Assert.assertEquals(Assert.java:132)
at org.testng.Assert.assertEquals(Assert.java:656)
at org.testng.Assert.assertEquals(Assert.java:666)
at stepDefinationforCucumber.StepDefination.message_is_displayed_on_login_page(StepDefination.java:73)
at ✽."Incorrect1 email or password." message is displayed on login page(file:///D:/Framework/Framework/src/test/java/cucumber/Exception.feature:9)
]]>
    </failure>
  </testcase> <!-- runScenario -->
  <testcase classname="cucumber.Cucumber_runner" name="runScenario" time="8.395">
    <failure message="expected [Incorrect1 email or password.] but found [Incorrect email or password.]" type="java.lang.AssertionError">
      <![CDATA[java.lang.AssertionError: expected [Incorrect1 email or password.] but found [Incorrect email or password.]
at org.testng.Assert.fail(Assert.java:111)
at org.testng.Assert.failNotEquals(Assert.java:1578)
at org.testng.Assert.assertEqualsImpl(Assert.java:150)
at org.testng.Assert.assertEquals(Assert.java:132)
at org.testng.Assert.assertEquals(Assert.java:656)
at org.testng.Assert.assertEquals(Assert.java:666)
at stepDefinationforCucumber.StepDefination.message_is_displayed_on_login_page(StepDefination.java:73)
at ✽."Incorrect1 email or password." message is displayed on login page(file:///D:/Framework/Framework/src/test/java/cucumber/Exception.feature:9)
]]>
    </failure>
  </testcase> <!-- runScenario -->
</testsuite> <!-- cucumber.Cucumber_runner -->
